<?xml version='1.0' encoding='UTF-8'?>
<testsuite hostname="MacBook-Pro.local" name="testspec.ObsDataProcessorTest" tests="2" errors="0" failures="0" skipped="0" time="2.504" timestamp="2021-11-07T14:00:45">
          <properties>
      <property name="java.specification.version" value="14"/><property name="sun.jnu.encoding" value="UTF-8"/><property name="sun.arch.data.model" value="64"/><property name="bootstrap.mainClass" value="xsbt.boot.Boot"/><property name="java.vendor.url" value="https://java.oracle.com/"/><property name="sun.boot.library.path" value="/Library/Java/JavaVirtualMachines/openjdk-14.0.1.jdk/Contents/Home/lib"/><property name="sun.java.command" value="/Users/shouryasolanki/Library/Application Support/Coursier/bin/sbt"/><property name="jdk.debug" value="release"/><property name="java.specification.vendor" value="Oracle Corporation"/><property name="java.version.date" value="2020-04-14"/><property name="java.home" value="/Library/Java/JavaVirtualMachines/openjdk-14.0.1.jdk/Contents/Home"/><property name="file.separator" value="/"/><property name="java.vm.compressedOopsMode" value="Zero based"/><property name="line.separator" value="
"/><property name="java.vm.specification.vendor" value="Oracle Corporation"/><property name="java.specification.name" value="Java Platform API Specification"/><property name="sun.management.compiler" value="HotSpot 64-Bit Tiered Compilers"/><property name="java.runtime.version" value="14.0.1+7"/><property name="user.name" value="shouryasolanki"/><property name="log4j.ignoreTCL" value="true"/><property name="file.encoding" value="UTF-8"/><property name="jnidispatch.path" value="/Users/shouryasolanki/Library/Caches/JNA/temp/jna6081220697957086259.tmp"/><property name="jna.loaded" value="true"/><property name="java.io.tmpdir" value="/var/folders/b_/hs5jfk5x10scmcldb8d6szj80000gp/T/"/><property name="java.version" value="14.0.1"/><property name="java.vm.specification.name" value="Java Virtual Machine Specification"/><property name="java.library.path" value="/Users/shouryasolanki/Library/Java/Extensions:/Library/Java/Extensions:/Network/Library/Java/Extensions:/System/Library/Java/Extensions:/usr/lib/java:."/><property name="java.vendor" value="Oracle Corporation"/><property name="sun.io.unicode.encoding" value="UnicodeBig"/><property name="socksNonProxyHosts" value="local|*.local|169.254/16|*.169.254/16"/><property name="java.class.path" value="/Users/shouryasolanki/Library/Application Support/Coursier/bin/sbt:/Users/shouryasolanki/Library/Caches/Coursier/v1/https/repo1.maven.org/maven2/io/get-coursier/sbt/sbt-runner/0.2.0/sbt-runner-0.2.0.jar:/Users/shouryasolanki/Library/Caches/Coursier/v1/https/repo1.maven.org/maven2/org/scala-sbt/sbt-launch/1.5.5/sbt-launch-1.5.5.jar"/><property name="java.vm.vendor" value="Oracle Corporation"/><property name="coursier.mainJar" value="/Users/shouryasolanki/Library/Application Support/Coursier/bin/sbt"/><property name="jline.shutdownhook" value="false"/><property name="user.timezone" value="Asia/Kolkata"/><property name="java.vm.specification.version" value="14"/><property name="os.name" value="Mac OS X"/><property name="sun.java.launcher" value="SUN_STANDARD"/><property name="user.country" value="IN"/><property name="http.nonProxyHosts" value="local|*.local|169.254/16|*.169.254/16"/><property name="sun.cpu.endian" value="little"/><property name="user.home" value="/Users/shouryasolanki"/><property name="user.language" value="en"/><property name="swoval.tmpdir" value="/Users/shouryasolanki/.sbt/1.0"/><property name="jline.esc.timeout" value="0"/><property name="ftp.nonProxyHosts" value="local|*.local|169.254/16|*.169.254/16"/><property name="path.separator" value=":"/><property name="os.version" value="10.16"/><property name="jna.nosys" value="true"/><property name="java.runtime.name" value="OpenJDK Runtime Environment"/><property name="sun.nio.ch.bugLevel" value=""/><property name="java.vm.name" value="OpenJDK 64-Bit Server VM"/><property name="jna.platform.library.path" value="/usr/lib:/usr/lib"/><property name="java.vendor.url.bug" value="https://bugreport.java.com/bugreport/"/><property name="sbt-launch.version" value="1.5.5"/><property name="user.dir" value="/Users/shouryasolanki/Work/scala/SyngentaAssignment"/><property name="os.arch" value="x86_64"/><property name="java.vm.info" value="mixed mode, sharing"/><property name="java.vm.version" value="14.0.1+7"/><property name="java.class.version" value="58.0"/>
    </properties>
          <testcase classname="testspec.ObsDataProcessorTest" name="Obs Data Processor should process the data" time="2.475">
                      
                    </testcase><testcase classname="testspec.ObsDataProcessorTest" name="Obs Data Processor should transform obs data" time="0.029">
                      
                    </testcase>
          <system-out><![CDATA[]]></system-out>
          <system-err><![CDATA[]]></system-err>
        </testsuite>